2018-04-26 21:33:37 INFO  main [mitsuba.cpp:256] Mitsuba version 0.5.0 (Mac OS, 64 bit), Copyright (c) 2014 Wenzel Jakob
2018-04-26 21:33:37 INFO  main [mitsuba.cpp:356] Parsing scene description from "water.xml" ..
2018-04-26 21:33:37 INFO  main [PluginManager] Loading plugin "plugins/path.dylib" ..
2018-04-26 21:33:37 INFO  main [PluginManager] Loading plugin "plugins/dielectric.dylib" ..
2018-04-26 21:33:37 INFO  main [PluginManager] Loading plugin "plugins/obj.dylib" ..
2018-04-26 21:33:37 INFO  main [WavefrontOBJ] Loading geometry from "face10.obj" ..
2018-04-26 21:33:37 INFO  main [WavefrontOBJ] face10: 712 triangles, 358 vertices (merged 1778 vertices).
2018-04-26 21:33:37 INFO  main [WavefrontOBJ] Done with "face10.obj" (took 8 ms)
2018-04-26 21:33:37 INFO  main [PluginManager] Loading plugin "plugins/halton.dylib" ..
2018-04-26 21:33:37 INFO  main [PluginManager] Loading plugin "plugins/gaussian.dylib" ..
2018-04-26 21:33:37 INFO  main [PluginManager] Loading plugin "plugins/hdrfilm.dylib" ..
2018-04-26 21:33:37 INFO  main [PluginManager] Loading plugin "plugins/perspective.dylib" ..
2018-04-26 21:33:37 INFO  main [PluginManager] Loading plugin "plugins/envmap.dylib" ..
2018-04-26 21:33:37 INFO  main [EnvironmentMap] Loading environment map "envmap.exr"
2018-04-26 21:33:37 INFO  main [PluginManager] Loading plugin "plugins/lanczos.dylib" ..
2018-04-26 21:33:37 INFO  main [EnvironmentMap] Precomputing data structures for environment map sampling (515.0 KiB)
2018-04-26 21:33:37 INFO  main [EnvironmentMap] Done (took 0 ms)
2018-04-26 21:33:37 INFO  main [PluginManager] Loading plugin "plugins/diffuse.dylib" ..
2018-04-26 21:33:37 INFO  main [PluginManager] Loading plugin "plugins/checkerboard.dylib" ..
2018-04-26 21:33:37 INFO  main [PluginManager] Loading plugin "plugins/serialized.dylib" ..
2018-04-26 21:33:37 INFO  main [SerializedMesh] Loading shape 0 from "meshes.serialized" ..
2018-04-26 21:33:37 INFO  ren0 [KDTreeBase] Constructing a SAH kd-tree (1224 primitives) ..
2018-04-26 21:33:37 INFO  ren0 [KDTreeBase] Finished -- took 4 ms.
2018-04-26 21:33:37 INFO  ren0 [PluginManager] Loading plugin "plugins/sphere.dylib" ..
2018-04-26 21:33:37 INFO  ren0 [SamplingIntegrator] Starting render job (683x512, 64 samples, 4 cores, SSE2 enabled) ..
2018-04-26 21:34:10 INFO  ren0 [RenderJob] Render time: 33.2100s
2018-04-26 21:34:10 INFO  ren0 [HDRFilm] Writing image to "/Users/dieppedalle/Documents/College/UCB/CS184/cs184sp18_final/mitsuba/water.exr" ..
2018-04-26 21:34:10 INFO  main [statistics.cpp:142] Statistics:
------------------------------------------------------------
 * Loaded plugins :
    -  plugins/checkerboard.dylib [Checkerboard texture]
    -  plugins/dielectric.dylib [Smooth dielectric BSDF]
    -  plugins/diffuse.dylib [Smooth diffuse BRDF]
    -  plugins/envmap.dylib [Environment map]
    -  plugins/gaussian.dylib [Gaussian reconstruction filter]
    -  plugins/halton.dylib [Halton QMC sampler]
    -  plugins/hdrfilm.dylib [High dynamic range film]
    -  plugins/lanczos.dylib [Lanczos Sinc filter]
    -  plugins/obj.dylib [OBJ triangle mesh loader]
    -  plugins/path.dylib [MI path tracer]
    -  plugins/perspective.dylib [Perspective camera]
    -  plugins/serialized.dylib [Serialized mesh loader]
    -  plugins/sphere.dylib [Sphere intersection primitive]

  * General :
    -  Normal rays traced : 60.562 M
    -  Shadow rays traced : 25.497 M

  * Path tracer :
    -  Average path length : 1.73 (38.78 M / 22.38 M)

  * Texture system :
    -  Cumulative MIP map memory allocations : 1 MiB
    -  Filtered texture lookups : 0.00 % (9.00 of 68.07 M)
    -  Lookups with clamped anisotropy : 0.00 % (0.00 of 9.00)
------------------------------------------------------------
